<?xml version="1.0" encoding="UTF-8" ?>
<testsuite failures="0" time="0.842" errors="0" skipped="0" tests="1" name="org.apache.maven.plugin.itest.Test">
  <properties>
    <property name="java.runtime.name" value="Java(TM) SE Runtime Environment"/>
    <property name="sun.boot.library.path" value="c:\program files\jetbrains\intellij idea community edition 10.0\jre\jre\bin"/>
    <property name="java.vm.version" value="17.0-b16"/>
    <property name="java.vm.vendor" value="Sun Microsystems Inc."/>
    <property name="java.vendor.url" value="http://java.sun.com/"/>
    <property name="path.separator" value=";"/>
    <property name="java.vm.name" value="Java HotSpot(TM) Client VM"/>
    <property name="file.encoding.pkg" value="sun.io"/>
    <property name="user.country" value="SK"/>
    <property name="sun.java.launcher" value="SUN_STANDARD"/>
    <property name="sun.os.patch.level" value="Service Pack 2"/>
    <property name="java.vm.specification.name" value="Java Virtual Machine Specification"/>
    <property name="user.dir" value="C:\Users\tibor17\IdeaProjects\repositories\maven\plugins\itest"/>
    <property name="java.runtime.version" value="1.6.0_21-b06"/>
    <property name="java.awt.graphicsenv" value="sun.awt.Win32GraphicsEnvironment"/>
    <property name="basedir" value="C:\Users\tibor17\IdeaProjects\repositories\maven\plugins\itest"/>
    <property name="java.endorsed.dirs" value="c:\program files\jetbrains\intellij idea community edition 10.0\jre\jre\lib\endorsed"/>
    <property name="os.arch" value="x86"/>
    <property name="surefire.real.class.path" value="C:\Users\tibor17\IdeaProjects\repositories\maven\plugins\itest\target\surefire\surefirebooter9096019572100109792.jar"/>
    <property name="java.io.tmpdir" value="C:\Users\tibor17\AppData\Local\Temp\"/>
    <property name="line.separator" value="
"/>
    <property name="java.vm.specification.vendor" value="Sun Microsystems Inc."/>
    <property name="user.variant" value=""/>
    <property name="os.name" value="Windows Vista"/>
    <property name="sun.jnu.encoding" value="Cp1250"/>
    <property name="java.library.path" value="c:\program files\jetbrains\intellij idea community edition 10.0\jre\jre\bin;.;C:\Windows\Sun\Java\bin;C:\Windows\system32;C:\Windows;C:\Program Files\Common Files\Microsoft Shared\Windows Live;C:\Program Files\AMD APP\bin\x86;C:\Windows\system32;C:\Windows;C:\Windows\System32\Wbem;C:\Program Files\EgisTec\MyWinLocker 3\x86;C:\Program Files\EgisTec\MyWinLocker 3\x64;C:\Program Files\ATI Technologies\ATI.ACE\Core-Static;C:\Program Files\WIDCOMM\Bluetooth Software\;C:\Program Files\Java\jdk1.6.0_20\bin;C:\Program Files\Windows Live\Shared;C:\Windows\System32\WindowsPowerShell\v1.0\;c:\program files\jetbrains\intellij idea community edition 10.0\jre\jre\bin"/>
    <property name="surefire.test.class.path" value="C:\Users\tibor17\IdeaProjects\repositories\maven\plugins\itest\target\test-classes;C:\Users\tibor17\IdeaProjects\repositories\maven\plugins\itest\target\classes;C:\Users\tibor17\.m2\repository\org\apache\maven\plugin-testing\maven-plugin-testing-harness\1.2\maven-plugin-testing-harness-1.2.jar;C:\Users\tibor17\.m2\repository\org\apache\maven\maven-project\2.0\maven-project-2.0.jar;C:\Users\tibor17\.m2\repository\org\apache\maven\maven-profile\2.0\maven-profile-2.0.jar;C:\Users\tibor17\.m2\repository\org\apache\maven\maven-model\2.0\maven-model-2.0.jar;C:\Users\tibor17\.m2\repository\org\codehaus\plexus\plexus-utils\1.5.1\plexus-utils-1.5.1.jar;C:\Users\tibor17\.m2\repository\org\codehaus\plexus\plexus-container-default\1.0-alpha-8\plexus-container-default-1.0-alpha-8.jar;C:\Users\tibor17\.m2\repository\junit\junit\4.9\junit-4.9.jar;C:\Users\tibor17\.m2\repository\classworlds\classworlds\1.1-alpha-2\classworlds-1.1-alpha-2.jar;C:\Users\tibor17\.m2\repository\org\apache\maven\maven-artifact-manager\2.0\maven-artifact-manager-2.0.jar;C:\Users\tibor17\.m2\repository\org\apache\maven\maven-repository-metadata\2.0\maven-repository-metadata-2.0.jar;C:\Users\tibor17\.m2\repository\org\apache\maven\maven-artifact\2.0\maven-artifact-2.0.jar;C:\Users\tibor17\.m2\repository\org\apache\maven\wagon\wagon-provider-api\1.0-alpha-5\wagon-provider-api-1.0-alpha-5.jar;C:\Users\tibor17\.m2\repository\org\apache\maven\maven-core\2.0\maven-core-2.0.jar;C:\Users\tibor17\.m2\repository\org\apache\maven\maven-settings\2.0\maven-settings-2.0.jar;C:\Users\tibor17\.m2\repository\org\apache\maven\wagon\wagon-file\1.0-alpha-5\wagon-file-1.0-alpha-5.jar;C:\Users\tibor17\.m2\repository\org\apache\maven\maven-plugin-parameter-documenter\2.0\maven-plugin-parameter-documenter-2.0.jar;C:\Users\tibor17\.m2\repository\org\apache\maven\wagon\wagon-http-lightweight\1.0-alpha-5\wagon-http-lightweight-1.0-alpha-5.jar;C:\Users\tibor17\.m2\repository\org\apache\maven\reporting\maven-reporting-api\2.0\maven-reporting-api-2.0.jar;C:\Users\tibor17\.m2\repository\doxia\doxia-sink-api\1.0-alpha-4\doxia-sink-api-1.0-alpha-4.jar;C:\Users\tibor17\.m2\repository\org\apache\maven\maven-error-diagnostics\2.0\maven-error-diagnostics-2.0.jar;C:\Users\tibor17\.m2\repository\org\apache\maven\maven-plugin-registry\2.0\maven-plugin-registry-2.0.jar;C:\Users\tibor17\.m2\repository\commons-cli\commons-cli\1.0\commons-cli-1.0.jar;C:\Users\tibor17\.m2\repository\org\apache\maven\maven-plugin-api\2.0\maven-plugin-api-2.0.jar;C:\Users\tibor17\.m2\repository\org\apache\maven\maven-plugin-descriptor\2.0\maven-plugin-descriptor-2.0.jar;C:\Users\tibor17\.m2\repository\org\codehaus\plexus\plexus-interactivity-api\1.0-alpha-4\plexus-interactivity-api-1.0-alpha-4.jar;C:\Users\tibor17\.m2\repository\org\apache\maven\maven-monitor\2.0\maven-monitor-2.0.jar;C:\Users\tibor17\.m2\repository\org\apache\maven\wagon\wagon-ssh\1.0-alpha-5\wagon-ssh-1.0-alpha-5.jar;C:\Users\tibor17\.m2\repository\com\jcraft\jsch\0.1.23\jsch-0.1.23.jar;C:\Users\tibor17\.m2\repository\org\codehaus\plexus\plexus-archiver\1.0-alpha-7\plexus-archiver-1.0-alpha-7.jar;C:\Users\tibor17\.m2\repository\org\hamcrest\hamcrest-core\1.1\hamcrest-core-1.1.jar;C:\Users\tibor17\.m2\repository\rhino\js\1.7R1\js-1.7R1.jar;"/>
    <property name="java.specification.name" value="Java Platform API Specification"/>
    <property name="java.class.version" value="50.0"/>
    <property name="sun.management.compiler" value="HotSpot Client Compiler"/>
    <property name="os.version" value="6.0"/>
    <property name="user.home" value="C:\Users\tibor17"/>
    <property name="user.timezone" value="Europe/Prague"/>
    <property name="java.awt.printerjob" value="sun.awt.windows.WPrinterJob"/>
    <property name="java.specification.version" value="1.6"/>
    <property name="file.encoding" value="Cp1250"/>
    <property name="user.name" value="tibor17"/>
    <property name="java.class.path" value="C:\Users\tibor17\IdeaProjects\repositories\maven\plugins\itest\target\test-classes;C:\Users\tibor17\IdeaProjects\repositories\maven\plugins\itest\target\classes;C:\Users\tibor17\.m2\repository\org\apache\maven\plugin-testing\maven-plugin-testing-harness\1.2\maven-plugin-testing-harness-1.2.jar;C:\Users\tibor17\.m2\repository\org\apache\maven\maven-project\2.0\maven-project-2.0.jar;C:\Users\tibor17\.m2\repository\org\apache\maven\maven-profile\2.0\maven-profile-2.0.jar;C:\Users\tibor17\.m2\repository\org\apache\maven\maven-model\2.0\maven-model-2.0.jar;C:\Users\tibor17\.m2\repository\org\codehaus\plexus\plexus-utils\1.5.1\plexus-utils-1.5.1.jar;C:\Users\tibor17\.m2\repository\org\codehaus\plexus\plexus-container-default\1.0-alpha-8\plexus-container-default-1.0-alpha-8.jar;C:\Users\tibor17\.m2\repository\junit\junit\4.9\junit-4.9.jar;C:\Users\tibor17\.m2\repository\classworlds\classworlds\1.1-alpha-2\classworlds-1.1-alpha-2.jar;C:\Users\tibor17\.m2\repository\org\apache\maven\maven-artifact-manager\2.0\maven-artifact-manager-2.0.jar;C:\Users\tibor17\.m2\repository\org\apache\maven\maven-repository-metadata\2.0\maven-repository-metadata-2.0.jar;C:\Users\tibor17\.m2\repository\org\apache\maven\maven-artifact\2.0\maven-artifact-2.0.jar;C:\Users\tibor17\.m2\repository\org\apache\maven\wagon\wagon-provider-api\1.0-alpha-5\wagon-provider-api-1.0-alpha-5.jar;C:\Users\tibor17\.m2\repository\org\apache\maven\maven-core\2.0\maven-core-2.0.jar;C:\Users\tibor17\.m2\repository\org\apache\maven\maven-settings\2.0\maven-settings-2.0.jar;C:\Users\tibor17\.m2\repository\org\apache\maven\wagon\wagon-file\1.0-alpha-5\wagon-file-1.0-alpha-5.jar;C:\Users\tibor17\.m2\repository\org\apache\maven\maven-plugin-parameter-documenter\2.0\maven-plugin-parameter-documenter-2.0.jar;C:\Users\tibor17\.m2\repository\org\apache\maven\wagon\wagon-http-lightweight\1.0-alpha-5\wagon-http-lightweight-1.0-alpha-5.jar;C:\Users\tibor17\.m2\repository\org\apache\maven\reporting\maven-reporting-api\2.0\maven-reporting-api-2.0.jar;C:\Users\tibor17\.m2\repository\doxia\doxia-sink-api\1.0-alpha-4\doxia-sink-api-1.0-alpha-4.jar;C:\Users\tibor17\.m2\repository\org\apache\maven\maven-error-diagnostics\2.0\maven-error-diagnostics-2.0.jar;C:\Users\tibor17\.m2\repository\org\apache\maven\maven-plugin-registry\2.0\maven-plugin-registry-2.0.jar;C:\Users\tibor17\.m2\repository\commons-cli\commons-cli\1.0\commons-cli-1.0.jar;C:\Users\tibor17\.m2\repository\org\apache\maven\maven-plugin-api\2.0\maven-plugin-api-2.0.jar;C:\Users\tibor17\.m2\repository\org\apache\maven\maven-plugin-descriptor\2.0\maven-plugin-descriptor-2.0.jar;C:\Users\tibor17\.m2\repository\org\codehaus\plexus\plexus-interactivity-api\1.0-alpha-4\plexus-interactivity-api-1.0-alpha-4.jar;C:\Users\tibor17\.m2\repository\org\apache\maven\maven-monitor\2.0\maven-monitor-2.0.jar;C:\Users\tibor17\.m2\repository\org\apache\maven\wagon\wagon-ssh\1.0-alpha-5\wagon-ssh-1.0-alpha-5.jar;C:\Users\tibor17\.m2\repository\com\jcraft\jsch\0.1.23\jsch-0.1.23.jar;C:\Users\tibor17\.m2\repository\org\codehaus\plexus\plexus-archiver\1.0-alpha-7\plexus-archiver-1.0-alpha-7.jar;C:\Users\tibor17\.m2\repository\org\hamcrest\hamcrest-core\1.1\hamcrest-core-1.1.jar;C:\Users\tibor17\.m2\repository\rhino\js\1.7R1\js-1.7R1.jar;"/>
    <property name="java.vm.specification.version" value="1.0"/>
    <property name="sun.arch.data.model" value="32"/>
    <property name="java.home" value="c:\program files\jetbrains\intellij idea community edition 10.0\jre\jre"/>
    <property name="java.specification.vendor" value="Sun Microsystems Inc."/>
    <property name="user.language" value="sk"/>
    <property name="awt.toolkit" value="sun.awt.windows.WToolkit"/>
    <property name="java.vm.info" value="mixed mode, sharing"/>
    <property name="java.version" value="1.6.0_21"/>
    <property name="java.ext.dirs" value="c:\program files\jetbrains\intellij idea community edition 10.0\jre\jre\lib\ext;C:\Windows\Sun\Java\lib\ext"/>
    <property name="sun.boot.class.path" value="c:\program files\jetbrains\intellij idea community edition 10.0\jre\jre\lib\resources.jar;c:\program files\jetbrains\intellij idea community edition 10.0\jre\jre\lib\rt.jar;c:\program files\jetbrains\intellij idea community edition 10.0\jre\jre\lib\sunrsasign.jar;c:\program files\jetbrains\intellij idea community edition 10.0\jre\jre\lib\jsse.jar;c:\program files\jetbrains\intellij idea community edition 10.0\jre\jre\lib\jce.jar;c:\program files\jetbrains\intellij idea community edition 10.0\jre\jre\lib\charsets.jar;c:\program files\jetbrains\intellij idea community edition 10.0\jre\jre\classes"/>
    <property name="java.vendor" value="Sun Microsystems Inc."/>
    <property name="localRepository" value="C:\Users\tibor17\.m2\repository"/>
    <property name="file.separator" value="\"/>
    <property name="java.vendor.url.bug" value="http://java.sun.com/cgi-bin/bugreport.cgi"/>
    <property name="sun.cpu.endian" value="little"/>
    <property name="sun.io.unicode.encoding" value="UnicodeLittle"/>
    <property name="sun.desktop" value="windows"/>
    <property name="sun.cpu.isalist" value="pentium_pro+mmx pentium_pro pentium+mmx pentium i486 i386 i86"/>
  </properties>
  <testcase time="0.762" classname="org.apache.maven.plugin.itest.Test" name="testConstants"/>
</testsuite>